<?xml version="1.0" encoding="UTF-8"?>
<!-- Generated by org.testng.reporters.JUnitXMLReporter -->
<testsuite ignored="0" hostname="LAPTOP-CDFIFV2J" failures="0" tests="5" name="MyfirstTest" time="42.638" errors="0" timestamp="2024-02-20T21:41:25 PST">
  <testcase classname="testscenarios.TestScripts" name="forgotPassword" time="1.193"/>
  <testcase classname="testscenarios.TestScripts" name="forgotPassword2" time="0.329"/>
  <testcase classname="testscenarios.TestScripts" name="invalidLogin" time="0.745"/>
  <testcase classname="testscenarios.TestScripts" name="rememberMeCheckbox" time="4.682"/>
  <testcase classname="testscenarios.TestScripts" name="validLogin" time="2.488"/>
</testsuite> <!-- MyfirstTest -->
