<?xml version="1.0" encoding="UTF-8"?>
<!-- Generated by org.testng.reporters.JUnitXMLReporter -->
<testsuite ignored="0" hostname="LAPTOP-CDFIFV2J" failures="0" tests="5" name="Default test" time="54.264" errors="0" timestamp="2024-02-19T21:58:14 PST">
  <testcase classname="TestScenarios.TestScripts" name="forgotPassword" time="1.463"/>
  <testcase classname="TestScenarios.TestScripts" name="forgotPassword2" time="1.241"/>
  <testcase classname="TestScenarios.TestScripts" name="invalidLogin" time="1.518"/>
  <testcase classname="TestScenarios.TestScripts" name="rememberMeCheckbox" time="6.501"/>
  <testcase classname="TestScenarios.TestScripts" name="validLogin" time="6.482"/>
</testsuite> <!-- Default test -->
